#
# There is insufficient memory for the Java Runtime Environment to continue.
# Native memory allocation (malloc) failed to allocate 605616 bytes for Chunk::new
# Possible reasons:
#   The system is out of physical RAM or swap space
#   In 32 bit mode, the process size limit was hit
# Possible solutions:
#   Reduce memory load on the system
#   Increase physical memory or swap space
#   Check if swap backing store is full
#   Use 64 bit Java on a 64 bit OS
#   Decrease Java heap size (-Xmx/-Xms)
#   Decrease number of Java threads
#   Decrease Java thread stack sizes (-Xss)
#   Set larger code cache with -XX:ReservedCodeCacheSize=
# This output file may be truncated or incomplete.
#
#  Out of Memory Error (allocation.cpp:390), pid=8876, tid=0x0000000000001ab0
#
# JRE version: Java(TM) SE Runtime Environment (8.0_131-b11) (build 1.8.0_131-b11)
# Java VM: Java HotSpot(TM) 64-Bit Server VM (25.131-b11 mixed mode windows-amd64 compressed oops)
# Failed to write core dump. Minidumps are not enabled by default on client versions of Windows
#

---------------  T H R E A D  ---------------

Current thread (0x0000000014e54000):  JavaThread "C2 CompilerThread1" daemon [_thread_in_native, id=6832, stack(0x00000000165a0000,0x00000000166a0000)]

Stack: [0x00000000165a0000,0x00000000166a0000]
[error occurred during error reporting (printing stack bounds), id 0xc0000005]

Native frames: (J=compiled Java code, j=interpreted, Vv=VM code, C=native code)


Current CompileTask:
C2:  35185 7161       4       org.gradle.internal.logging.text.AbstractLineChoppingStyledTextOutput::doAppend (201 bytes)


---------------  P R O C E S S  ---------------

Java Threads: ( => current thread )
  0x0000000019a53800 JavaThread "Forward streams with process: command 'C:\Program Files\Java\jdk1.8.0_131\bin\java.exe' Thread 3" [_thread_in_native, id=888, stack(0x000000001f5f0000,0x000000001f6f0000)]
  0x0000000019a52800 JavaThread "Forward streams with process: command 'C:\Program Files\Java\jdk1.8.0_131\bin\java.exe' Thread 2" [_thread_in_native, id=1076, stack(0x000000001f4f0000,0x000000001f5f0000)]
  0x0000000018044800 JavaThread "Forward streams with process: command 'C:\Program Files\Java\jdk1.8.0_131\bin\java.exe'" [_thread_blocked, id=10044, stack(0x000000001f3f0000,0x000000001f4f0000)]
  0x0000000018042000 JavaThread "DisconnectableInputStream source reader" daemon [_thread_blocked, id=5796, stack(0x000000001f2f0000,0x000000001f3f0000)]
  0x0000000018041800 JavaThread "Run command 'C:\Program Files\Java\jdk1.8.0_131\bin\java.exe'" [_thread_in_native, id=10528, stack(0x000000001cf30000,0x000000001d030000)]
  0x0000000018043800 JavaThread "File lock request listener" [_thread_in_native, id=5600, stack(0x000000001bd80000,0x000000001be80000)]
  0x0000000017a8f800 JavaThread "Stdin handler" [_thread_blocked, id=5472, stack(0x00000000194e0000,0x00000000195e0000)]
  0x0000000017a8e800 JavaThread "Asynchronous log dispatcher for org.gradle.launcher.daemon.server.DefaultDaemonConnection@5d369965" [_thread_blocked, id=8712, stack(0x00000000193e0000,0x00000000194e0000)]
  0x0000000017a8a800 JavaThread "Daemon worker" [_thread_blocked, id=392, stack(0x00000000192e0000,0x00000000193e0000)]
  0x0000000017b1d000 JavaThread "Cancel handler" [_thread_blocked, id=6724, stack(0x00000000191e0000,0x00000000192e0000)]
  0x0000000017a13000 JavaThread "Handler for socket connection from /127.0.0.1:51305 to /127.0.0.1:51306" [_thread_in_native, id=6232, stack(0x00000000190e0000,0x00000000191e0000)]
  0x0000000017a09000 JavaThread "Daemon" [_thread_blocked, id=8820, stack(0x0000000018de0000,0x0000000018ee0000)]
  0x00000000179e2800 JavaThread "Incoming local TCP Connector on port 51305" [_thread_in_native, id=7344, stack(0x0000000018bb0000,0x0000000018cb0000)]
  0x00000000177b7000 JavaThread "pool-1-thread-1" [_thread_blocked, id=6696, stack(0x0000000018570000,0x0000000018670000)]
  0x00000000167c9000 JavaThread "Service Thread" daemon [_thread_blocked, id=10328, stack(0x0000000016ba0000,0x0000000016ca0000)]
  0x0000000014e55000 JavaThread "C1 CompilerThread2" daemon [_thread_blocked, id=9712, stack(0x00000000166a0000,0x00000000167a0000)]
=>0x0000000014e54000 JavaThread "C2 CompilerThread1" daemon [_thread_in_native, id=6832, stack(0x00000000165a0000,0x00000000166a0000)]
  0x0000000014e4b000 JavaThread "C2 CompilerThread0" daemon [_thread_blocked, id=10948, stack(0x00000000164a0000,0x00000000165a0000)]
  0x0000000014e58000 JavaThread "Attach Listener" daemon [_thread_blocked, id=5448, stack(0x00000000163a0000,0x00000000164a0000)]
  0x0000000014e57000 JavaThread "Signal Dispatcher" daemon [_thread_blocked, id=1136, stack(0x00000000162a0000,0x00000000163a0000)]
  0x000000000277d800 JavaThread "Finalizer" daemon [_thread_blocked, id=7152, stack(0x00000000160b0000,0x00000000161b0000)]
  0x0000000002772000 JavaThread "Reference Handler" daemon [_thread_blocked, id=8836, stack(0x0000000015fb0000,0x00000000160b0000)]
  0x000000000267e800 JavaThread "main" [_thread_blocked, id=3716, stack(0x0000000002560000,0x0000000002660000)]

Other Threads:
  0x0000000014e17800 VMThread [stack: 0x0000000015eb0000,0x0000000015fb0000] [id=5640]
  0x00000000167cc800 WatcherThread [stack: 0x0000000016ca0000,0x0000000016da0000] [id=2956]

VM state:not at safepoint (normal execution)

VM Mutex/Monitor currently owned by a thread: None

Heap:
 PSYoungGen      total 128000K, used 67954K [0x00000000eab00000, 0x00000000f5380000, 0x0000000100000000)
  eden space 114688K, 47% used [0x00000000eab00000,0x00000000ee05dcf8,0x00000000f1b00000)
  from space 13312K, 99% used [0x00000000f1b00000,0x00000000f27feb58,0x00000000f2800000)
  to   space 15872K, 0% used [0x00000000f4400000,0x00000000f4400000,0x00000000f5380000)
 ParOldGen       total 67584K, used 23919K [0x00000000c0000000, 0x00000000c4200000, 0x00000000eab00000)
  object space 67584K, 35% used [0x00000000c0000000,0x00000000c175bd90,0x00000000c4200000)
 Metaspace       used 43023K, capacity 43728K, committed 44120K, reserved 1087488K
  class space    used 5767K, capacity 5983K, committed 6016K, reserved 1048576K

Card table byte_map: [0x0000000011b40000,0x0000000011d50000] byte_map_base: 0x0000000011540000

Marking Bits: (ParMarkBitMap*) 0x0000000054cfc720
 Begin Bits: [0x00000000122b0000, 0x00000000132b0000)
 End Bits:   [0x00000000132b0000, 0x00000000142b0000)

Polling page: 0x0000000000920000

CodeCache: size=245760Kb used=23329Kb max_used=24187Kb free=222430Kb
 bounds [0x0000000002780000, 0x0000000003f60000, 0x0000000011780000]
 total_blobs=6961 nmethods=6262 adapters=609
 compilation: enabled

Compilation events (10 events):
Event: 34.633 Thread 0x0000000014e54000 nmethod 7157 0x00000000036f0590 code [0x00000000036f0720, 0x00000000036f0b98]
Event: 34.714 Thread 0x0000000014e55000 7158       3       java.nio.DirectByteBuffer::compact (83 bytes)
Event: 34.715 Thread 0x0000000014e55000 nmethod 7158 0x00000000029502d0 code [0x0000000002950480, 0x0000000002950d08]
Event: 34.716 Thread 0x0000000014e55000 7159       3       sun.misc.Unsafe::copyMemory (11 bytes)
Event: 34.716 Thread 0x0000000014e55000 nmethod 7159 0x00000000036f0150 code [0x00000000036f02c0, 0x00000000036f04e8]
Event: 34.867 Thread 0x0000000014e4b000 7160       4       java.util.ArrayList::<init> (67 bytes)
Event: 34.875 Thread 0x0000000014e4b000 nmethod 7160 0x000000000294fe90 code [0x000000000294ffe0, 0x0000000002950198]
Event: 35.037 Thread 0x0000000014e54000 7161       4       org.gradle.internal.logging.text.AbstractLineChoppingStyledTextOutput::doAppend (201 bytes)
Event: 35.120 Thread 0x0000000014e55000 7162       1       org.gradle.internal.logging.text.AbstractStyledTextOutput::doStyleChange (1 bytes)
Event: 35.121 Thread 0x0000000014e55000 nmethod 7162 0x00000000039f20d0 code [0x00000000039f2220, 0x00000000039f2330]

GC Heap History (10 events):
Event: 6.025 GC heap before
{Heap before GC invocations=9 (full 1):
 PSYoungGen      total 71168K, used 69529K [0x00000000eab00000, 0x00000000f1500000, 0x0000000100000000)
  eden space 62976K, 100% used [0x00000000eab00000,0x00000000ee880000,0x00000000ee880000)
  from space 8192K, 79% used [0x00000000ee880000,0x00000000eeee65d8,0x00000000ef080000)
  to   space 8704K, 0% used [0x00000000f0c80000,0x00000000f0c80000,0x00000000f1500000)
 ParOldGen       total 38400K, used 8418K [0x00000000c0000000, 0x00000000c2580000, 0x00000000eab00000)
  object space 38400K, 21% used [0x00000000c0000000,0x00000000c0838bc0,0x00000000c2580000)
 Metaspace       used 28737K, capacity 29156K, committed 29440K, reserved 1075200K
  class space    used 4102K, capacity 4238K, committed 4352K, reserved 1048576K
Event: 6.036 GC heap after
Heap after GC invocations=9 (full 1):
 PSYoungGen      total 99328K, used 6466K [0x00000000eab00000, 0x00000000f1580000, 0x0000000100000000)
  eden space 90624K, 0% used [0x00000000eab00000,0x00000000eab00000,0x00000000f0380000)
  from space 8704K, 74% used [0x00000000f0c80000,0x00000000f12d0b88,0x00000000f1500000)
  to   space 9216K, 0% used [0x00000000f0380000,0x00000000f0380000,0x00000000f0c80000)
 ParOldGen       total 38400K, used 8426K [0x00000000c0000000, 0x00000000c2580000, 0x00000000eab00000)
  object space 38400K, 21% used [0x00000000c0000000,0x00000000c083abc0,0x00000000c2580000)
 Metaspace       used 28737K, capacity 29156K, committed 29440K, reserved 1075200K
  class space    used 4102K, capacity 4238K, committed 4352K, reserved 1048576K
}
Event: 7.274 GC heap before
{Heap before GC invocations=10 (full 1):
 PSYoungGen      total 99328K, used 97090K [0x00000000eab00000, 0x00000000f1580000, 0x0000000100000000)
  eden space 90624K, 100% used [0x00000000eab00000,0x00000000f0380000,0x00000000f0380000)
  from space 8704K, 74% used [0x00000000f0c80000,0x00000000f12d0b88,0x00000000f1500000)
  to   space 9216K, 0% used [0x00000000f0380000,0x00000000f0380000,0x00000000f0c80000)
 ParOldGen       total 38400K, used 8426K [0x00000000c0000000, 0x00000000c2580000, 0x00000000eab00000)
  object space 38400K, 21% used [0x00000000c0000000,0x00000000c083abc0,0x00000000c2580000)
 Metaspace       used 31925K, capacity 32448K, committed 32768K, reserved 1077248K
  class space    used 4615K, capacity 4775K, committed 4864K, reserved 1048576K
Event: 7.299 GC heap after
Heap after GC invocations=10 (full 1):
 PSYoungGen      total 99840K, used 9184K [0x00000000eab00000, 0x00000000f3400000, 0x0000000100000000)
  eden space 90624K, 0% used [0x00000000eab00000,0x00000000eab00000,0x00000000f0380000)
  from space 9216K, 99% used [0x00000000f0380000,0x00000000f0c78010,0x00000000f0c80000)
  to   space 12288K, 0% used [0x00000000f2800000,0x00000000f2800000,0x00000000f3400000)
 ParOldGen       total 38400K, used 13890K [0x00000000c0000000, 0x00000000c2580000, 0x00000000eab00000)
  object space 38400K, 36% used [0x00000000c0000000,0x00000000c0d909f8,0x00000000c2580000)
 Metaspace       used 31925K, capacity 32448K, committed 32768K, reserved 1077248K
  class space    used 4615K, capacity 4775K, committed 4864K, reserved 1048576K
}
Event: 8.498 GC heap before
{Heap before GC invocations=11 (full 1):
 PSYoungGen      total 99840K, used 23134K [0x00000000eab00000, 0x00000000f3400000, 0x0000000100000000)
  eden space 90624K, 15% used [0x00000000eab00000,0x00000000eb89fb68,0x00000000f0380000)
  from space 9216K, 99% used [0x00000000f0380000,0x00000000f0c78010,0x00000000f0c80000)
  to   space 12288K, 0% used [0x00000000f2800000,0x00000000f2800000,0x00000000f3400000)
 ParOldGen       total 38400K, used 13890K [0x00000000c0000000, 0x00000000c2580000, 0x00000000eab00000)
  object space 38400K, 36% used [0x00000000c0000000,0x00000000c0d909f8,0x00000000c2580000)
 Metaspace       used 34691K, capacity 35188K, committed 35416K, reserved 1079296K
  class space    used 5033K, capacity 5199K, committed 5248K, reserved 1048576K
Event: 8.515 GC heap after
Heap after GC invocations=11 (full 1):
 PSYoungGen      total 126976K, used 10404K [0x00000000eab00000, 0x00000000f3580000, 0x0000000100000000)
  eden space 114688K, 0% used [0x00000000eab00000,0x00000000eab00000,0x00000000f1b00000)
  from space 12288K, 84% used [0x00000000f2800000,0x00000000f3229040,0x00000000f3400000)
  to   space 13312K, 0% used [0x00000000f1b00000,0x00000000f1b00000,0x00000000f2800000)
 ParOldGen       total 38400K, used 13890K [0x00000000c0000000, 0x00000000c2580000, 0x00000000eab00000)
  object space 38400K, 36% used [0x00000000c0000000,0x00000000c0d909f8,0x00000000c2580000)
 Metaspace       used 34691K, capacity 35188K, committed 35416K, reserved 1079296K
  class space    used 5033K, capacity 5199K, committed 5248K, reserved 1048576K
}
Event: 8.515 GC heap before
{Heap before GC invocations=12 (full 2):
 PSYoungGen      total 126976K, used 10404K [0x00000000eab00000, 0x00000000f3580000, 0x0000000100000000)
  eden space 114688K, 0% used [0x00000000eab00000,0x00000000eab00000,0x00000000f1b00000)
  from space 12288K, 84% used [0x00000000f2800000,0x00000000f3229040,0x00000000f3400000)
  to   space 13312K, 0% used [0x00000000f1b00000,0x00000000f1b00000,0x00000000f2800000)
 ParOldGen       total 38400K, used 13890K [0x00000000c0000000, 0x00000000c2580000, 0x00000000eab00000)
  object space 38400K, 36% used [0x00000000c0000000,0x00000000c0d909f8,0x00000000c2580000)
 Metaspace       used 34691K, capacity 35188K, committed 35416K, reserved 1079296K
  class space    used 5033K, capacity 5199K, committed 5248K, reserved 1048576K
Event: 8.623 GC heap after
Heap after GC invocations=12 (full 2):
 PSYoungGen      total 126976K, used 0K [0x00000000eab00000, 0x00000000f3580000, 0x0000000100000000)
  eden space 114688K, 0% used [0x00000000eab00000,0x00000000eab00000,0x00000000f1b00000)
  from space 12288K, 0% used [0x00000000f2800000,0x00000000f2800000,0x00000000f3400000)
  to   space 13312K, 0% used [0x00000000f1b00000,0x00000000f1b00000,0x00000000f2800000)
 ParOldGen       total 67584K, used 22449K [0x00000000c0000000, 0x00000000c4200000, 0x00000000eab00000)
  object space 67584K, 33% used [0x00000000c0000000,0x00000000c15ec7c0,0x00000000c4200000)
 Metaspace       used 34691K, capacity 35188K, committed 35416K, reserved 1079296K
  class space    used 5033K, capacity 5199K, committed 5248K, reserved 1048576K
}
Event: 13.532 GC heap before
{Heap before GC invocations=13 (full 2):
 PSYoungGen      total 126976K, used 114688K [0x00000000eab00000, 0x00000000f3580000, 0x0000000100000000)
  eden space 114688K, 100% used [0x00000000eab00000,0x00000000f1b00000,0x00000000f1b00000)
  from space 12288K, 0% used [0x00000000f2800000,0x00000000f2800000,0x00000000f3400000)
  to   space 13312K, 0% used [0x00000000f1b00000,0x00000000f1b00000,0x00000000f2800000)
 ParOldGen       total 67584K, used 22449K [0x00000000c0000000, 0x00000000c4200000, 0x00000000eab00000)
  object space 67584K, 33% used [0x00000000c0000000,0x00000000c15ec7c0,0x00000000c4200000)
 Metaspace       used 39553K, capacity 40114K, committed 40408K, reserved 1083392K
  class space    used 5420K, capacity 5620K, committed 5632K, reserved 1048576K
Event: 13.555 GC heap after
Heap after GC invocations=13 (full 2):
 PSYoungGen      total 128000K, used 13306K [0x00000000eab00000, 0x00000000f5380000, 0x0000000100000000)
  eden space 114688K, 0% used [0x00000000eab00000,0x00000000eab00000,0x00000000f1b00000)
  from space 13312K, 99% used [0x00000000f1b00000,0x00000000f27feb58,0x00000000f2800000)
  to   space 15872K, 0% used [0x00000000f4400000,0x00000000f4400000,0x00000000f5380000)
 ParOldGen       total 67584K, used 23919K [0x00000000c0000000, 0x00000000c4200000, 0x00000000eab00000)
  object space 67584K, 35% used [0x00000000c0000000,0x00000000c175bd90,0x00000000c4200000)
 Metaspace       used 39553K, capacity 40114K, committed 40408K, reserved 1083392K
  class space    used 5420K, capacity 5620K, committed 5632K, reserved 1048576K
}

Deoptimization events (10 events):
Event: 14.726 Thread 0x0000000017a8a800 Uncommon trap: reason=class_check action=maybe_recompile pc=0x00000000032585fc method=java.util.Hashtable.get(Ljava/lang/Object;)Ljava/lang/Object; @ 6
Event: 14.728 Thread 0x0000000017a8a800 Uncommon trap: reason=class_check action=maybe_recompile pc=0x00000000032585fc method=java.util.Hashtable.get(Ljava/lang/Object;)Ljava/lang/Object; @ 6
Event: 14.729 Thread 0x0000000017a8a800 Uncommon trap: reason=class_check action=maybe_recompile pc=0x00000000032585fc method=java.util.Hashtable.get(Ljava/lang/Object;)Ljava/lang/Object; @ 6
Event: 14.916 Thread 0x0000000017a8a800 Uncommon trap: reason=unstable_if action=reinterpret pc=0x0000000003e64380 method=java.io.WinNTFileSystem.prefixLength(Ljava/lang/String;)I @ 42
Event: 14.924 Thread 0x0000000017a8a800 Uncommon trap: reason=unstable_if action=reinterpret pc=0x0000000003251458 method=org.codehaus.groovy.runtime.metaclass.MetaMethodIndex.addMethodToList(Ljava/lang/Object;Lgroovy/lang/MetaMethod;)Ljava/lang/Object; @ 242
Event: 14.973 Thread 0x0000000017a8a800 Uncommon trap: reason=unstable_if action=reinterpret pc=0x000000000293b128 method=java.lang.String.replace(CC)Ljava/lang/String; @ 2
Event: 15.021 Thread 0x0000000017a8a800 Uncommon trap: reason=unstable_if action=reinterpret pc=0x0000000003ee8888 method=groovyjarjarantlr.CharQueue.append(C)V @ 9
Event: 15.110 Thread 0x0000000017a8a800 Uncommon trap: reason=bimorphic action=maybe_recompile pc=0x0000000003e18820 method=org.gradle.api.internal.file.copy.DefaultFileCopyDetails.isDirectory()Z @ 4
Event: 15.371 Thread 0x0000000017a8a800 Uncommon trap: reason=class_check action=maybe_recompile pc=0x0000000003e6f7f4 method=org.gradle.util.CollectionUtils.join(Ljava/lang/String;Ljava/lang/Iterable;)Ljava/lang/String; @ 37
Event: 30.606 Thread 0x0000000019a52800 Uncommon trap: reason=unstable_if action=reinterpret pc=0x0000000002adae90 method=org.gradle.internal.logging.text.AbstractLineChoppingStyledTextOutput.doAppend(Ljava/lang/String;)V @ 98

Internal exceptions (10 events):
Event: 14.582 Thread 0x0000000017a8a800 Exception <a 'java/lang/ClassNotFoundException': groovy/lang/GroovyShellBeanInfo> (0x00000000ec9e30f8) thrown at [C:\re\workspace\8-2-build-windows-amd64-cygwin\jdk8u131\8869\hotspot\src\share\vm\classfile\systemDictionary.cpp, line 210]
Event: 14.583 Thread 0x0000000017a8a800 Exception <a 'java/lang/ClassNotFoundException': groovy/lang/GroovyShellCustomizer> (0x00000000ec9f86f8) thrown at [C:\re\workspace\8-2-build-windows-amd64-cygwin\jdk8u131\8869\hotspot\src\share\vm\classfile\systemDictionary.cpp, line 210]
Event: 14.922 Thread 0x0000000017a8a800 Exception <a 'java/lang/ClassNotFoundException': SimpleTemplateScript1BeanInfo> (0x00000000ed54e258) thrown at [C:\re\workspace\8-2-build-windows-amd64-cygwin\jdk8u131\8869\hotspot\src\share\vm\classfile\systemDictionary.cpp, line 210]
Event: 14.922 Thread 0x0000000017a8a800 Exception <a 'java/lang/ClassNotFoundException': SimpleTemplateScript1Customizer> (0x00000000ed568238) thrown at [C:\re\workspace\8-2-build-windows-amd64-cygwin\jdk8u131\8869\hotspot\src\share\vm\classfile\systemDictionary.cpp, line 210]
Event: 14.925 Thread 0x0000000017a8a800 Exception <a 'java/lang/ClassNotFoundException': java/io/PrintWriterBeanInfo> (0x00000000ed594f08) thrown at [C:\re\workspace\8-2-build-windows-amd64-cygwin\jdk8u131\8869\hotspot\src\share\vm\classfile\systemDictionary.cpp, line 210]
Event: 14.925 Thread 0x0000000017a8a800 Exception <a 'java/lang/ClassNotFoundException': java/io/WriterBeanInfo> (0x00000000ed5a2270) thrown at [C:\re\workspace\8-2-build-windows-amd64-cygwin\jdk8u131\8869\hotspot\src\share\vm\classfile\systemDictionary.cpp, line 210]
Event: 14.926 Thread 0x0000000017a8a800 Exception <a 'java/lang/ClassNotFoundException': java/io/WriterCustomizer> (0x00000000ed5b00f8) thrown at [C:\re\workspace\8-2-build-windows-amd64-cygwin\jdk8u131\8869\hotspot\src\share\vm\classfile\systemDictionary.cpp, line 210]
Event: 14.926 Thread 0x0000000017a8a800 Exception <a 'java/lang/ClassNotFoundException': java/io/PrintWriterCustomizer> (0x00000000ed5c6fe8) thrown at [C:\re\workspace\8-2-build-windows-amd64-cygwin\jdk8u131\8869\hotspot\src\share\vm\classfile\systemDictionary.cpp, line 210]
Event: 15.038 Thread 0x0000000017a8a800 Exception <a 'java/lang/ClassNotFoundException': SimpleTemplateScript2BeanInfo> (0x00000000ed93b930) thrown at [C:\re\workspace\8-2-build-windows-amd64-cygwin\jdk8u131\8869\hotspot\src\share\vm\classfile\systemDictionary.cpp, line 210]
Event: 15.038 Thread 0x0000000017a8a800 Exception <a 'java/lang/ClassNotFoundException': SimpleTemplateScript2Customizer> (0x00000000ed955910) thrown at [C:\re\workspace\8-2-build-windows-amd64-cygwin\jdk8u131\8869\hotspot\src\share\vm\classfile\systemDictionary.cpp, line 210]

Events (10 events):
Event: 15.384 loading class org/gradle/process/internal/shutdown/ShutdownHookActionRegister
Event: 15.384 loading class org/gradle/process/internal/shutdown/ShutdownHookActionRegister done
Event: 15.384 loading class org/gradle/process/internal/shutdown/ShutdownHookActionRegister$GradleShutdownHook
Event: 15.384 loading class org/gradle/process/internal/shutdown/ShutdownHookActionRegister$GradleShutdownHook done
Event: 15.385 Thread 0x0000000018044800 Thread added: 0x0000000018044800
Event: 15.385 Thread 0x0000000019a52800 Thread added: 0x0000000019a52800
Event: 15.385 Thread 0x0000000019a53800 Thread added: 0x0000000019a53800
Event: 30.606 Thread 0x0000000019a52800 Uncommon trap: trap_request=0xffffff65 fr.pc=0x0000000002adae90
Event: 30.606 Thread 0x0000000019a52800 DEOPT PACKING pc=0x0000000002adae90 sp=0x000000001f5ee2a0
Event: 30.606 Thread 0x0000000019a52800 DEOPT UNPACKING pc=0x00000000027c582a sp=0x000000001f5ee278 mode 2


Dynamic libraries:
0x00007ff638c50000 - 0x00007ff638c87000 	C:\Program Files\Java\jdk1.8.0_131\bin\java.exe
0x00007ffe8a420000 - 0x00007ffe8a5fb000 	C:\WINDOWS\SYSTEM32\ntdll.dll
0x00007ffe899f0000 - 0x00007ffe89a9e000 	C:\WINDOWS\System32\KERNEL32.DLL
0x00007ffe870a0000 - 0x00007ffe872e9000 	C:\WINDOWS\System32\KERNELBASE.dll
0x00007ffe89b40000 - 0x00007ffe89be1000 	C:\WINDOWS\System32\ADVAPI32.dll
0x00007ffe896d0000 - 0x00007ffe8976d000 	C:\WINDOWS\System32\msvcrt.dll
0x00007ffe89770000 - 0x00007ffe897c9000 	C:\WINDOWS\System32\sechost.dll
0x00007ffe87cf0000 - 0x00007ffe87e15000 	C:\WINDOWS\System32\RPCRT4.dll
0x00007ffe87af0000 - 0x00007ffe87c3a000 	C:\WINDOWS\System32\USER32.dll
0x00007ffe877d0000 - 0x00007ffe877ee000 	C:\WINDOWS\System32\win32u.dll
0x00007ffe87ec0000 - 0x00007ffe87ee7000 	C:\WINDOWS\System32\GDI32.dll
0x00007ffe877f0000 - 0x00007ffe87978000 	C:\WINDOWS\System32\gdi32full.dll
0x00007ffe87580000 - 0x00007ffe8761a000 	C:\WINDOWS\System32\msvcp_win.dll
0x00007ffe876d0000 - 0x00007ffe877c6000 	C:\WINDOWS\System32\ucrtbase.dll
0x00007ffe78820000 - 0x00007ffe78a87000 	C:\WINDOWS\WinSxS\amd64_microsoft.windows.common-controls_6595b64144ccf1df_6.0.15063.483_none_26002d27e7c744a2\COMCTL32.dll
0x00007ffe89bf0000 - 0x00007ffe89ee9000 	C:\WINDOWS\System32\combase.dll
0x00007ffe874c0000 - 0x00007ffe8752a000 	C:\WINDOWS\System32\bcryptPrimitives.dll
0x00007ffe87e90000 - 0x00007ffe87ebd000 	C:\WINDOWS\System32\IMM32.DLL
0x0000000054d80000 - 0x0000000054e52000 	C:\Program Files\Java\jdk1.8.0_131\jre\bin\msvcr100.dll
0x00000000544e0000 - 0x0000000054d7c000 	C:\Program Files\Java\jdk1.8.0_131\jre\bin\server\jvm.dll
0x00007ffe89f50000 - 0x00007ffe89f58000 	C:\WINDOWS\System32\PSAPI.DLL
0x00007ffe7c000000 - 0x00007ffe7c00a000 	C:\WINDOWS\SYSTEM32\VERSION.dll
0x00007ffe7c560000 - 0x00007ffe7c583000 	C:\WINDOWS\SYSTEM32\WINMM.dll
0x00007ffe82d80000 - 0x00007ffe82d89000 	C:\WINDOWS\SYSTEM32\WSOCK32.dll
0x00007ffe87e20000 - 0x00007ffe87e8c000 	C:\WINDOWS\System32\WS2_32.dll
0x00007ffe7c010000 - 0x00007ffe7c03b000 	C:\WINDOWS\SYSTEM32\winmmbase.dll
0x00007ffe87530000 - 0x00007ffe87579000 	C:\WINDOWS\System32\cfgmgr32.dll
0x00000000544d0000 - 0x00000000544df000 	C:\Program Files\Java\jdk1.8.0_131\jre\bin\verify.dll
0x00000000544a0000 - 0x00000000544c9000 	C:\Program Files\Java\jdk1.8.0_131\jre\bin\java.dll
0x0000000054480000 - 0x0000000054496000 	C:\Program Files\Java\jdk1.8.0_131\jre\bin\zip.dll
0x00007ffe87fc0000 - 0x00007ffe893f6000 	C:\WINDOWS\System32\SHELL32.dll
0x00007ffe87c40000 - 0x00007ffe87cea000 	C:\WINDOWS\System32\shcore.dll
0x00007ffe86940000 - 0x00007ffe87033000 	C:\WINDOWS\System32\windows.storage.dll
0x00007ffe89990000 - 0x00007ffe899e1000 	C:\WINDOWS\System32\shlwapi.dll
0x00007ffe868e0000 - 0x00007ffe868f1000 	C:\WINDOWS\System32\kernel.appcore.dll
0x00007ffe86890000 - 0x00007ffe868dc000 	C:\WINDOWS\System32\powrprof.dll
0x00007ffe86900000 - 0x00007ffe86915000 	C:\WINDOWS\System32\profapi.dll
0x0000000054460000 - 0x000000005447a000 	C:\Program Files\Java\jdk1.8.0_131\jre\bin\net.dll
0x00007ffe861a0000 - 0x00007ffe861fc000 	C:\WINDOWS\system32\mswsock.dll
0x0000000054440000 - 0x0000000054451000 	C:\Program Files\Java\jdk1.8.0_131\jre\bin\nio.dll
0x00007ffe64730000 - 0x00007ffe6474e000 	C:\Users\Eric\.gradle\native\21\windows-amd64\native-platform.dll
0x0000000054350000 - 0x000000005435d000 	C:\Program Files\Java\jdk1.8.0_131\jre\bin\management.dll
0x00007ffe86340000 - 0x00007ffe86357000 	C:\WINDOWS\SYSTEM32\CRYPTSP.dll
0x00007ffe85d60000 - 0x00007ffe85d94000 	C:\WINDOWS\system32\rsaenh.dll
0x00007ffe86760000 - 0x00007ffe86785000 	C:\WINDOWS\SYSTEM32\bcrypt.dll
0x00007ffe867c0000 - 0x00007ffe867e9000 	C:\WINDOWS\SYSTEM32\USERENV.dll
0x00007ffe86360000 - 0x00007ffe8636b000 	C:\WINDOWS\SYSTEM32\CRYPTBASE.dll
0x00007ffe85ee0000 - 0x00007ffe85f17000 	C:\WINDOWS\SYSTEM32\IPHLPAPI.DLL
0x00007ffe89570000 - 0x00007ffe89578000 	C:\WINDOWS\System32\NSI.dll
0x00007ffe7f110000 - 0x00007ffe7f126000 	C:\WINDOWS\SYSTEM32\dhcpcsvc6.DLL
0x00007ffe7f0f0000 - 0x00007ffe7f10a000 	C:\WINDOWS\SYSTEM32\dhcpcsvc.DLL

VM Arguments:
jvm_args: -XX:MaxPermSize=256m -XX:+HeapDumpOnOutOfMemoryError -Xmx1024m -Dfile.encoding=windows-1252 -Duser.country=NZ -Duser.language=en -Duser.variant 
java_command: org.gradle.launcher.daemon.bootstrap.GradleDaemon 3.1
java_class_path (initial): C:\Users\Eric\.gradle\wrapper\dists\gradle-3.1-all\ejgglywf033yp6s4x8ahmgm74\gradle-3.1\lib\gradle-launcher-3.1.jar
Launcher Type: SUN_STANDARD

Environment Variables:
PATH=C:\ProgramData\Oracle\Java\javapath;C:\Program Files (x86)\Intel\iCLS Client\;C:\Program Files\Intel\iCLS Client\;C:\WINDOWS\system32;C:\WINDOWS;C:\WINDOWS\System32\Wbem;C:\WINDOWS\System32\WindowsPowerShell\v1.0\;C:\Program Files (x86)\Intel\Intel(R) Management Engine Components\DAL;C:\Program Files\Intel\Intel(R) Management Engine Components\DAL;C:\Program Files (x86)\Intel\Intel(R) Management Engine Components\IPT;C:\Program Files\Intel\Intel(R) Management Engine Components\IPT;C:\Program Files\Intel\WiFi\bin\;C:\Program Files\Common Files\Intel\WirelessCommon\;C:\Program Files\Microsoft SQL Server\130\Tools\Binn\;C:\Program Files\dotnet\;C:\Program Files\nodejs\;C:\Program Files\Git\cmd;C:\Program Files\Git\mingw64\bin;C:\Program Files\Git\usr\bin;C:\Ruby24-x64\bin;C:\Users\Eric\Anaconda3;C:\Users\Eric\Anaconda3\Scripts;C:\Users\Eric\Anaconda3\Library\bin;C:\Users\Eric\AppData\Local\Programs\Python\Python36\Scripts\;C:\Users\Eric\AppData\Local\Programs\Python\Python36\;C:\Users\Eric\AppData\Local\Programs\Python\Python36-32\Scripts\;C:\Users\Eric\AppData\Local\Programs\Python\Python36-32\;C:\Users\Eric\AppData\Local\Microsoft\WindowsApps;C:\Users\Eric\AppData\Roaming\npm
USERNAME=Eric
OS=Windows_NT
PROCESSOR_IDENTIFIER=Intel64 Family 6 Model 78 Stepping 3, GenuineIntel



---------------  S Y S T E M  ---------------

OS: Windows 10.0 , 64 bit Build 15063 (10.0.15063.296)

CPU:total 4 (initial active 4) (2 cores per cpu, 2 threads per core) family 6 model 78 stepping 3, cmov, cx8, fxsr, mmx, sse, sse2, sse3, ssse3, sse4.1, sse4.2, popcnt, avx, avx2, aes, clmul, erms, rtm, 3dnowpref, lzcnt, ht, tsc, tscinvbit, bmi1, bmi2, adx

Memory: 4k page, physical 4055240k(189448k free), swap 6060392k(2852k free)

vm_info: Java HotSpot(TM) 64-Bit Server VM (25.131-b11) for windows-amd64 JRE (1.8.0_131-b11), built on Mar 15 2017 01:23:53 by "java_re" with MS VC++ 10.0 (VS2010)

time: Thu Oct 12 12:47:25 2017
elapsed time: 35 seconds (0d 0h 0m 35s)

